BOT_VIEWER_PRETTIER: 0
Using X Visual 0x20
loading new robot with 3 links
successfully loaded model
loading new robot with 3 links
successfully loaded model
loading new robot with 3 links
successfully loaded model
loading new robot with 3 links
successfully loaded model
loading new robot with 3 links
successfully loaded model
loading new robot with 3 links
successfully loaded model
loading new robot with 3 links
successfully loaded model
loading new robot with 3 links
successfully loaded model
loading new robot with 3 links
successfully loaded model
loading new robot with 3 links
successfully loaded model
skipping pan:      -24.297597      -20.690054
skipping pan:      -25.714019      -21.940099
skipping pan:      -16.595586      -14.522460
skipping pan:      -13.715361      -12.145573
skipping pan:      -11.335010      -10.147154
skipping pan:       -9.367777       -8.469485
loading new robot with 3 links
successfully loaded model
loading new robot with 3 links
successfully loaded model
skipping pan:        0.542629        0.520035
skipping pan:        0.448454        0.431435
skipping pan:        0.332718        0.321329
skipping pan:        0.332718        0.321307
skipping pan:        0.332718        0.321309
skipping pan:        0.332718        0.321343
skipping pan:        0.332718        0.321293
skipping pan:        0.332718        0.321356
skipping pan:        0.332718        0.332718
skipping pan:        0.332718        0.332718
skipping pan:        0.332718        0.321356
skipping pan:        0.332718        0.321340
skipping pan:        0.332718        0.321356
skipping pan:        0.332718        0.321324
skipping pan:        0.332718        0.321293
skipping pan:        0.332718        0.332718
skipping pan:       -8.942223       -9.950616
skipping pan:       -8.942223       -9.948595
skipping pan:       -8.942223       -9.947988
skipping pan:       -8.942223       -9.946162
skipping pan:       -8.942223       -9.874991
skipping pan:       -8.942223       -9.874991
skipping pan:       -8.942223       -9.874991
skipping pan:       -8.942223       -9.951625
skipping pan:       -8.942223       -9.874991
skipping pan:       -8.942223       -8.942223
skipping pan:       -8.942223       -9.874991
skipping pan:       -8.942223       -9.874991
skipping pan:        0.010685        0.010685
skipping pan:        0.010685        0.010685
skipping pan:        0.010685        0.010685
skipping pan:        0.010685        0.010799
skipping pan:        0.010685        0.010685
skipping pan:        0.010685        0.010685
skipping pan:        0.010685        0.010685
skipping pan:        0.010685        0.010685
skipping pan:        0.010685        0.010799
skipping pan:        0.010685        0.010685
skipping pan:        0.010685        0.010685
skipping pan:        0.010685        0.010685
skipping pan:        0.010685        0.010685
skipping pan:        0.010685        0.010572
skipping pan:        0.010685        0.010572
skipping pan:        0.010685        0.010685
skipping pan:        0.010685        0.010572
skipping pan:        0.010685        0.010685
skipping pan:        0.010685        0.010572
skipping pan:        0.010685        0.010572
skipping pan:        0.010685        0.010572
skipping pan:        0.010685        0.010572
skipping pan:        0.010685        0.010685
skipping pan:        0.010685        0.010572
skipping pan:        0.010685        0.010572
skipping pan:        0.010685        0.010685
skipping pan:        0.010685        0.010685
skipping pan:        0.010685        0.010685
skipping pan:       -3.162870       -3.394595
skipping pan:       -3.162870       -3.162870
skipping pan:       -3.162870       -3.162870
skipping pan:       -3.162870       -3.399970
skipping pan:       -3.162870       -3.399970
skipping pan:       -3.162870       -3.393516
skipping pan:       -3.162870       -3.403164
skipping pan:       -3.162870       -3.401037
skipping pan:       -3.162870       -3.396750
skipping pan:       -3.162870       -3.403164
skipping pan:       -3.162870       -3.387034
skipping pan:       -3.162870       -3.400771
skipping pan:       -3.162870       -3.401571
skipping pan:       -3.162870       -3.390274
skipping pan:       -3.162870       -3.393516
skipping pan:       -3.162870       -3.399970
skipping pan:       -3.162870       -3.162870
skipping pan:       -3.162870       -3.399970
skipping pan:       -3.162870       -3.390274
skipping pan:       -3.162870       -3.403164
skipping pan:       -3.162870       -3.162870
skipping pan:       -3.162870       -3.403164
skipping pan:       -3.162870       -3.162870
loading new robot with 3 links
successfully loaded model
loading new robot with 3 links
successfully loaded model
loading new robot with 3 links
successfully loaded model
loading new robot with 3 links
successfully loaded model
loading new robot with 3 links
successfully loaded model
